\BOOKMARK [0][-]{chapter*.1}{\376\377\000I\000n\000t\000r\000o\000d\000u\000c\000t\000i\000o\000n}{}% 1
\BOOKMARK [1][-]{chapter*.2}{\376\377\000C\000o\000n\000t\000r\000i\000b\000u\000t\000i\000o\000n\000s}{chapter*.1}% 2
\BOOKMARK [0][-]{chapter.1}{\376\377\000P\000r\000a\000c\000t\000i\000c\000a\000l\000\040\000c\000o\000n\000t\000e\000x\000t}{}% 3
\BOOKMARK [1][-]{section.1.1}{\376\377\000T\000h\000e\000\040\000t\000u\000r\000t\000l\000e}{chapter.1}% 4
\BOOKMARK [1][-]{section.1.2}{\376\377\000T\000h\000e\000\040\000t\000r\000a\000i\000n\000i\000n\000g\000\040\000s\000p\000a\000c\000e}{chapter.1}% 5
\BOOKMARK [0][-]{chapter.2}{\376\377\000T\000e\000c\000h\000n\000i\000c\000a\000l\000\040\000d\000e\000t\000a\000i\000l\000s}{}% 6
\BOOKMARK [1][-]{section.2.1}{\376\377\000T\000h\000e\000\040\000s\000i\000m\000u\000l\000a\000t\000o\000r}{chapter.2}% 7
\BOOKMARK [1][-]{section.2.2}{\376\377\000L\000i\000n\000e\000a\000r\000\040\000p\000r\000o\000g\000r\000a\000m\000s\000\040\000a\000n\000d\000\040\000t\000h\000e\000\040\000v\000i\000r\000t\000u\000a\000l\000\040\000m\000a\000c\000h\000i\000n\000e}{chapter.2}% 8
\BOOKMARK [1][-]{section.2.3}{\376\377\000T\000r\000e\000e\000-\000b\000a\000s\000e\000d\000\040\000p\000r\000o\000g\000r\000a\000m\000s}{chapter.2}% 9
\BOOKMARK [2][-]{subsection.2.3.1}{\376\377\000M\000o\000t\000i\000v\000a\000t\000i\000o\000n}{section.2.3}% 10
\BOOKMARK [2][-]{subsection.2.3.2}{\376\377\000S\000t\000r\000u\000c\000t\000u\000r\000e}{section.2.3}% 11
\BOOKMARK [2][-]{subsection.2.3.3}{\376\377\000T\000r\000a\000n\000s\000l\000a\000t\000i\000o\000n}{section.2.3}% 12
\BOOKMARK [1][-]{section.2.4}{\376\377\000G\000e\000n\000e\000t\000i\000c\000\040\000a\000l\000g\000o\000r\000i\000t\000h\000m}{chapter.2}% 13
\BOOKMARK [2][-]{subsection.2.4.1}{\376\377\000C\000r\000e\000a\000t\000i\000n\000g\000\040\000t\000h\000e\000\040\000f\000i\000r\000s\000t\000\040\000g\000e\000n\000e\000r\000a\000t\000i\000o\000n}{section.2.4}% 14
\BOOKMARK [2][-]{subsection.2.4.2}{\376\377\000E\000v\000a\000l\000u\000a\000t\000i\000o\000n}{section.2.4}% 15
\BOOKMARK [2][-]{subsection.2.4.3}{\376\377\000S\000e\000l\000e\000c\000t\000i\000o\000n}{section.2.4}% 16
\BOOKMARK [2][-]{subsection.2.4.4}{\376\377\000C\000r\000o\000s\000s\000o\000v\000e\000r}{section.2.4}% 17
\BOOKMARK [2][-]{subsection.2.4.5}{\376\377\000M\000u\000t\000a\000t\000i\000o\000n}{section.2.4}% 18
\BOOKMARK [0][-]{chapter.3}{\376\377\000E\000x\000p\000e\000r\000i\000m\000e\000n\000t\000s}{}% 19
\BOOKMARK [1][-]{section.3.1}{\376\377\000E\000x\000p\000e\000r\000i\000m\000e\000n\000t\000a\000l\000\040\000s\000e\000t\000u\000p}{chapter.3}% 20
\BOOKMARK [1][-]{section.3.2}{\376\377\000T\000e\000s\000t\000\040\000c\000a\000s\000e\000s}{chapter.3}% 21
\BOOKMARK [2][-]{subsection.3.2.1}{\376\377\000E\000l\000e\000m\000e\000n\000t\000a\000r\000y\000\040\000c\000a\000s\000e\000:\000\040\000a\000\040\000s\000i\000n\000g\000l\000e\000\040\000b\000l\000o\000c\000k}{section.3.2}% 22
\BOOKMARK [2][-]{subsection.3.2.2}{\376\377\000S\000e\000c\000o\000n\000d\000\040\000c\000a\000s\000e\000:\000\040\000t\000w\000o\000\040\000b\000l\000o\000c\000k\000s}{section.3.2}% 23
\BOOKMARK [2][-]{subsection.3.2.3}{\376\377\000T\000h\000i\000r\000d\000\040\000c\000a\000s\000e\000:\000\040\000f\000o\000u\000r\000\040\000b\000l\000o\000c\000k\000s}{section.3.2}% 24
\BOOKMARK [2][-]{subsection.3.2.4}{\376\377\000F\000o\000u\000r\000t\000h\000\040\000c\000a\000s\000e\000:\000\040\000a\000\040\000l\000i\000n\000e\000\040\000o\000f\000\040\000e\000i\000g\000h\000t\000\040\000b\000l\000o\000c\000k\000s}{section.3.2}% 25
\BOOKMARK [2][-]{subsection.3.2.5}{\376\377\000T\000h\000e\000\040\000h\000a\000r\000d\000e\000s\000t\000\040\000c\000a\000s\000e\000:\000\040\000a\000\040\000c\000u\000b\000o\000i\000d}{section.3.2}% 26
\BOOKMARK [1][-]{section.3.3}{\376\377\000O\000v\000e\000r\000a\000l\000l\000\040\000a\000n\000a\000l\000y\000s\000i\000s}{chapter.3}% 27
\BOOKMARK [0][-]{figure.caption.46}{\376\377\000C\000o\000n\000c\000l\000u\000s\000i\000o\000n\000s}{}% 28
\BOOKMARK [1][-]{chapter*.47}{\376\377\000P\000o\000s\000s\000i\000b\000l\000e\000\040\000i\000m\000p\000r\000o\000v\000e\000m\000e\000n\000t\000s\000\040\000a\000n\000d\000\040\000a\000l\000t\000e\000r\000n\000a\000t\000i\000v\000e\000s}{figure.caption.46}% 29
\BOOKMARK [1][-]{section*.48}{\376\377\000P\000e\000r\000s\000o\000n\000a\000l\000\040\000n\000o\000t\000e\000s}{figure.caption.46}% 30
\BOOKMARK [0][-]{chapter*.50}{\376\377\000B\000i\000b\000l\000i\000o\000g\000r\000a\000p\000h\000y}{}% 31
